<?xml version="1.0" encoding="utf-8"?><testsuites><testsuite name="pytest" errors="0" failures="0" skipped="0" tests="16" time="0.857" timestamp="2023-05-17T13:39:16.253911" hostname="riellygriff21-Inspiron-13-7378"><testcase classname="tests.test_indicators" name="test_simple_moving_average_no_volume" time="0.007" /><testcase classname="tests.test_indicators" name="test_simple_moving_average_volume" time="0.005" /><testcase classname="tests.test_indicators" name="test_simple_moving_average_multiple_companies" time="0.011" /><testcase classname="tests.test_indicators" name="test_simple_moving_median_no_volume" time="0.006" /><testcase classname="tests.test_indicators" name="test_simple_moving_median_volume" time="0.016" /><testcase classname="tests.test_indicators" name="test_simple_moving_median_multiple_companies" time="0.017" /><testcase classname="tests.test_indicators" name="test_simple_moving_std_no_volume" time="0.005" /><testcase classname="tests.test_indicators" name="test_simple_moving_std_volume" time="0.008" /><testcase classname="tests.test_indicators" name="test_simple_moving_std_multiple_companies" time="0.008" /><testcase classname="tests.test_indicators" name="test_typical_price_no_volume" time="0.008" /><testcase classname="tests.test_indicators" name="test_typical_price_volume" time="0.005" /><testcase classname="tests.test_indicators" name="test_typical_price_multiple_companies" time="0.007" /><testcase classname="tests.test_schemas" name="test_validate_indicator_schema" time="0.001" /><testcase classname="tests.test_schemas" name="test_validate_indicator_schema_with_volume" time="0.002" /><testcase classname="tests.test_schemas" name="test_validate_indicator_schema_raises_error" time="0.002" /><testcase classname="tests.test_schemas" name="test_validate_indicator_schema_missing_volume_raises_error" time="0.001" /></testsuite></testsuites>